<?xml version="1.0" encoding="UTF-8"?>
<!-- Generated by org.testng.reporters.JUnitReportReporter -->
<testsuite hostname="Lenovo" failures="0" tests="3" name="Rediff.VerifyHomePageTitle" time="0.031" errors="0" timestamp="2022-03-19T05:53:40 IST" skipped="0">
  <testcase classname="Rediff.VerifyHomePageTitle" name="openBrowser" time="0.024"/>
  <system-out/>
  <testcase classname="Rediff.VerifyHomePageTitle" name="checkTitle" time="0.003"/>
  <system-out/>
  <testcase classname="Rediff.VerifyHomePageTitle" name="closeBrowser" time="0.004"/>
  <system-out/>
</testsuite> <!-- Rediff.VerifyHomePageTitle -->
